<?xml version="1.0" encoding="UTF-8"?>
<testng-results total="1" passed="1" failed="0" skipped="0">
  <reporter-output>
  </reporter-output>
  <suite started-at="2023-12-10T16:49:10Z" name="test.LoginTest" finished-at="2023-12-10T16:49:24Z" duration-ms="13481">
    <groups>
    </groups>
    <test started-at="2023-12-10T16:49:10Z" name="Command line test" finished-at="2023-12-10T16:49:24Z" duration-ms="13481">
      <class name="test.LoginTest">
        <test-method signature="validUserShouldBeAbleToLogin()[pri:0, instance:test.LoginTest@4445629]" started-at="2023-12-10T10:49:10Z" name="validUserShouldBeAbleToLogin" finished-at="2023-12-10T10:49:24Z" duration-ms="13469" status="PASS">
          <reporter-output>
          </reporter-output>
        </test-method> <!-- validUserShouldBeAbleToLogin -->
      </class> <!-- test.LoginTest -->
    </test> <!-- Command line test -->
  </suite> <!-- test.LoginTest -->
</testng-results>
